The system is: Linux - 3.10.0-327.18.2.el7.x86_64 - x86_64
Compiling the C compiler identification source file "CMakeCCompilerId.c" succeeded.
Compiler: /usr/bin/cc 
Build flags: 
Id flags: 

The output was:
0


Compilation of the C compiler identification source "CMakeCCompilerId.c" produced "a.out"

The C compiler identification is GNU, found in "/media/psf/Home/Documents/workspace/AAPT/CMakeFiles/3.6.1/CompilerIdC/a.out"

Determining if the C compiler works passed with the following output:
Change Dir: /media/psf/Home/Documents/workspace/AAPT/CMakeFiles/CMakeTmp

Run Build Command:"/usr/bin/gmake" "cmTC_153d3/fast"
gmake: Warning: File `Makefile' has modification time 0.97 s in the future
/usr/bin/gmake -f CMakeFiles/cmTC_153d3.dir/build.make CMakeFiles/cmTC_153d3.dir/build
gmake[1]: 进入目录“/media/psf/Home/Documents/workspace/AAPT/CMakeFiles/CMakeTmp”
gmake[1]: Warning: File `CMakeFiles/cmTC_153d3.dir/flags.make' has modification time 0.95 s in the future
Building C object CMakeFiles/cmTC_153d3.dir/testCCompiler.c.o
/usr/bin/cc     -o CMakeFiles/cmTC_153d3.dir/testCCompiler.c.o   -c /media/psf/Home/Documents/workspace/AAPT/CMakeFiles/CMakeTmp/testCCompiler.c
Linking C executable cmTC_153d3
/usr/local/bin/cmake -E cmake_link_script CMakeFiles/cmTC_153d3.dir/link.txt --verbose=1
/usr/bin/cc       CMakeFiles/cmTC_153d3.dir/testCCompiler.c.o  -o cmTC_153d3 
gmake[1]: 警告：检测到时钟错误。您的创建可能是不完整的。
gmake[1]: 离开目录“/media/psf/Home/Documents/workspace/AAPT/CMakeFiles/CMakeTmp”
gmake: 警告：检测到时钟错误。您的创建可能是不完整的。


Detecting C compiler ABI info compiled with the following output:
Change Dir: /media/psf/Home/Documents/workspace/AAPT/CMakeFiles/CMakeTmp

Run Build Command:"/usr/bin/gmake" "cmTC_49adf/fast"
gmake: Warning: File `Makefile' has modification time 0.97 s in the future
/usr/bin/gmake -f CMakeFiles/cmTC_49adf.dir/build.make CMakeFiles/cmTC_49adf.dir/build
gmake[1]: 进入目录“/media/psf/Home/Documents/workspace/AAPT/CMakeFiles/CMakeTmp”
gmake[1]: Warning: File `CMakeFiles/cmTC_49adf.dir/flags.make' has modification time 0.96 s in the future
Building C object CMakeFiles/cmTC_49adf.dir/CMakeCCompilerABI.c.o
/usr/bin/cc     -o CMakeFiles/cmTC_49adf.dir/CMakeCCompilerABI.c.o   -c /usr/local/share/cmake-3.6/Modules/CMakeCCompilerABI.c
Linking C executable cmTC_49adf
/usr/local/bin/cmake -E cmake_link_script CMakeFiles/cmTC_49adf.dir/link.txt --verbose=1
/usr/bin/cc      -v CMakeFiles/cmTC_49adf.dir/CMakeCCompilerABI.c.o  -o cmTC_49adf  
使用内建 specs。
COLLECT_GCC=/usr/bin/cc
COLLECT_LTO_WRAPPER=/usr/libexec/gcc/x86_64-redhat-linux/4.8.5/lto-wrapper
目标：x86_64-redhat-linux
配置为：../configure --prefix=/usr --mandir=/usr/share/man --infodir=/usr/share/info --with-bugurl=http://bugzilla.redhat.com/bugzilla --enable-bootstrap --enable-shared --enable-threads=posix --enable-checking=release --with-system-zlib --enable-__cxa_atexit --disable-libunwind-exceptions --enable-gnu-unique-object --enable-linker-build-id --with-linker-hash-style=gnu --enable-languages=c,c++,objc,obj-c++,java,fortran,ada,go,lto --enable-plugin --enable-initfini-array --disable-libgcj --with-isl=/builddir/build/BUILD/gcc-4.8.5-20150702/obj-x86_64-redhat-linux/isl-install --with-cloog=/builddir/build/BUILD/gcc-4.8.5-20150702/obj-x86_64-redhat-linux/cloog-install --enable-gnu-indirect-function --with-tune=generic --with-arch_32=x86-64 --build=x86_64-redhat-linux
线程模型：posix
gcc 版本 4.8.5 20150623 (Red Hat 4.8.5-4) (GCC) 
COMPILER_PATH=/usr/libexec/gcc/x86_64-redhat-linux/4.8.5/:/usr/libexec/gcc/x86_64-redhat-linux/4.8.5/:/usr/libexec/gcc/x86_64-redhat-linux/:/usr/lib/gcc/x86_64-redhat-linux/4.8.5/:/usr/lib/gcc/x86_64-redhat-linux/
LIBRARY_PATH=/usr/lib/gcc/x86_64-redhat-linux/4.8.5/:/usr/lib/gcc/x86_64-redhat-linux/4.8.5/../../../../lib64/:/lib/../lib64/:/usr/lib/../lib64/:/usr/lib/gcc/x86_64-redhat-linux/4.8.5/../../../:/lib/:/usr/lib/
COLLECT_GCC_OPTIONS='-v' '-o' 'cmTC_49adf' '-mtune=generic' '-march=x86-64'
 /usr/libexec/gcc/x86_64-redhat-linux/4.8.5/collect2 --build-id --no-add-needed --eh-frame-hdr --hash-style=gnu -m elf_x86_64 -dynamic-linker /lib64/ld-linux-x86-64.so.2 -o cmTC_49adf /usr/lib/gcc/x86_64-redhat-linux/4.8.5/../../../../lib64/crt1.o /usr/lib/gcc/x86_64-redhat-linux/4.8.5/../../../../lib64/crti.o /usr/lib/gcc/x86_64-redhat-linux/4.8.5/crtbegin.o -L/usr/lib/gcc/x86_64-redhat-linux/4.8.5 -L/usr/lib/gcc/x86_64-redhat-linux/4.8.5/../../../../lib64 -L/lib/../lib64 -L/usr/lib/../lib64 -L/usr/lib/gcc/x86_64-redhat-linux/4.8.5/../../.. CMakeFiles/cmTC_49adf.dir/CMakeCCompilerABI.c.o -lgcc --as-needed -lgcc_s --no-as-needed -lc -lgcc --as-needed -lgcc_s --no-as-needed /usr/lib/gcc/x86_64-redhat-linux/4.8.5/crtend.o /usr/lib/gcc/x86_64-redhat-linux/4.8.5/../../../../lib64/crtn.o
gmake[1]: 警告：检测到时钟错误。您的创建可能是不完整的。
gmake[1]: 离开目录“/media/psf/Home/Documents/workspace/AAPT/CMakeFiles/CMakeTmp”
gmake: 警告：检测到时钟错误。您的创建可能是不完整的。


Parsed C implicit link information from above output:
  link line regex: [^( *|.*[/\])(ld|([^/\]+-)?ld|collect2)[^/\]*( |$)]
  ignore line: [Change Dir: /media/psf/Home/Documents/workspace/AAPT/CMakeFiles/CMakeTmp]
  ignore line: []
  ignore line: [Run Build Command:"/usr/bin/gmake" "cmTC_49adf/fast"]
  ignore line: [gmake: Warning: File `Makefile' has modification time 0.97 s in the future]
  ignore line: [/usr/bin/gmake -f CMakeFiles/cmTC_49adf.dir/build.make CMakeFiles/cmTC_49adf.dir/build]
  ignore line: [gmake[1]: 进入目录“/media/psf/Home/Documents/workspace/AAPT/CMakeFiles/CMakeTmp”]
  ignore line: [gmake[1]: Warning: File `CMakeFiles/cmTC_49adf.dir/flags.make' has modification time 0.96 s in the future]
  ignore line: [Building C object CMakeFiles/cmTC_49adf.dir/CMakeCCompilerABI.c.o]
  ignore line: [/usr/bin/cc     -o CMakeFiles/cmTC_49adf.dir/CMakeCCompilerABI.c.o   -c /usr/local/share/cmake-3.6/Modules/CMakeCCompilerABI.c]
  ignore line: [Linking C executable cmTC_49adf]
  ignore line: [/usr/local/bin/cmake -E cmake_link_script CMakeFiles/cmTC_49adf.dir/link.txt --verbose=1]
  ignore line: [/usr/bin/cc      -v CMakeFiles/cmTC_49adf.dir/CMakeCCompilerABI.c.o  -o cmTC_49adf  ]
  ignore line: [使用内建 specs。]
  ignore line: [COLLECT_GCC=/usr/bin/cc]
  ignore line: [COLLECT_LTO_WRAPPER=/usr/libexec/gcc/x86_64-redhat-linux/4.8.5/lto-wrapper]
  ignore line: [目标：x86_64-redhat-linux]
  ignore line: [配置为：../configure --prefix=/usr --mandir=/usr/share/man --infodir=/usr/share/info --with-bugurl=http://bugzilla.redhat.com/bugzilla --enable-bootstrap --enable-shared --enable-threads=posix --enable-checking=release --with-system-zlib --enable-__cxa_atexit --disable-libunwind-exceptions --enable-gnu-unique-object --enable-linker-build-id --with-linker-hash-style=gnu --enable-languages=c,c++,objc,obj-c++,java,fortran,ada,go,lto --enable-plugin --enable-initfini-array --disable-libgcj --with-isl=/builddir/build/BUILD/gcc-4.8.5-20150702/obj-x86_64-redhat-linux/isl-install --with-cloog=/builddir/build/BUILD/gcc-4.8.5-20150702/obj-x86_64-redhat-linux/cloog-install --enable-gnu-indirect-function --with-tune=generic --with-arch_32=x86-64 --build=x86_64-redhat-linux]
  ignore line: [线程模型：posix]
  ignore line: [gcc 版本 4.8.5 20150623 (Red Hat 4.8.5-4) (GCC) ]
  ignore line: [COMPILER_PATH=/usr/libexec/gcc/x86_64-redhat-linux/4.8.5/:/usr/libexec/gcc/x86_64-redhat-linux/4.8.5/:/usr/libexec/gcc/x86_64-redhat-linux/:/usr/lib/gcc/x86_64-redhat-linux/4.8.5/:/usr/lib/gcc/x86_64-redhat-linux/]
  ignore line: [LIBRARY_PATH=/usr/lib/gcc/x86_64-redhat-linux/4.8.5/:/usr/lib/gcc/x86_64-redhat-linux/4.8.5/../../../../lib64/:/lib/../lib64/:/usr/lib/../lib64/:/usr/lib/gcc/x86_64-redhat-linux/4.8.5/../../../:/lib/:/usr/lib/]
  ignore line: [COLLECT_GCC_OPTIONS='-v' '-o' 'cmTC_49adf' '-mtune=generic' '-march=x86-64']
  link line: [ /usr/libexec/gcc/x86_64-redhat-linux/4.8.5/collect2 --build-id --no-add-needed --eh-frame-hdr --hash-style=gnu -m elf_x86_64 -dynamic-linker /lib64/ld-linux-x86-64.so.2 -o cmTC_49adf /usr/lib/gcc/x86_64-redhat-linux/4.8.5/../../../../lib64/crt1.o /usr/lib/gcc/x86_64-redhat-linux/4.8.5/../../../../lib64/crti.o /usr/lib/gcc/x86_64-redhat-linux/4.8.5/crtbegin.o -L/usr/lib/gcc/x86_64-redhat-linux/4.8.5 -L/usr/lib/gcc/x86_64-redhat-linux/4.8.5/../../../../lib64 -L/lib/../lib64 -L/usr/lib/../lib64 -L/usr/lib/gcc/x86_64-redhat-linux/4.8.5/../../.. CMakeFiles/cmTC_49adf.dir/CMakeCCompilerABI.c.o -lgcc --as-needed -lgcc_s --no-as-needed -lc -lgcc --as-needed -lgcc_s --no-as-needed /usr/lib/gcc/x86_64-redhat-linux/4.8.5/crtend.o /usr/lib/gcc/x86_64-redhat-linux/4.8.5/../../../../lib64/crtn.o]
    arg [/usr/libexec/gcc/x86_64-redhat-linux/4.8.5/collect2] ==> ignore
    arg [--build-id] ==> ignore
    arg [--no-add-needed] ==> ignore
    arg [--eh-frame-hdr] ==> ignore
    arg [--hash-style=gnu] ==> ignore
    arg [-m] ==> ignore
    arg [elf_x86_64] ==> ignore
    arg [-dynamic-linker] ==> ignore
    arg [/lib64/ld-linux-x86-64.so.2] ==> ignore
    arg [-o] ==> ignore
    arg [cmTC_49adf] ==> ignore
    arg [/usr/lib/gcc/x86_64-redhat-linux/4.8.5/../../../../lib64/crt1.o] ==> ignore
    arg [/usr/lib/gcc/x86_64-redhat-linux/4.8.5/../../../../lib64/crti.o] ==> ignore
    arg [/usr/lib/gcc/x86_64-redhat-linux/4.8.5/crtbegin.o] ==> ignore
    arg [-L/usr/lib/gcc/x86_64-redhat-linux/4.8.5] ==> dir [/usr/lib/gcc/x86_64-redhat-linux/4.8.5]
    arg [-L/usr/lib/gcc/x86_64-redhat-linux/4.8.5/../../../../lib64] ==> dir [/usr/lib/gcc/x86_64-redhat-linux/4.8.5/../../../../lib64]
    arg [-L/lib/../lib64] ==> dir [/lib/../lib64]
    arg [-L/usr/lib/../lib64] ==> dir [/usr/lib/../lib64]
    arg [-L/usr/lib/gcc/x86_64-redhat-linux/4.8.5/../../..] ==> dir [/usr/lib/gcc/x86_64-redhat-linux/4.8.5/../../..]
    arg [CMakeFiles/cmTC_49adf.dir/CMakeCCompilerABI.c.o] ==> ignore
    arg [-lgcc] ==> lib [gcc]
    arg [--as-needed] ==> ignore
    arg [-lgcc_s] ==> lib [gcc_s]
    arg [--no-as-needed] ==> ignore
    arg [-lc] ==> lib [c]
    arg [-lgcc] ==> lib [gcc]
    arg [--as-needed] ==> ignore
    arg [-lgcc_s] ==> lib [gcc_s]
    arg [--no-as-needed] ==> ignore
    arg [/usr/lib/gcc/x86_64-redhat-linux/4.8.5/crtend.o] ==> ignore
    arg [/usr/lib/gcc/x86_64-redhat-linux/4.8.5/../../../../lib64/crtn.o] ==> ignore
  remove lib [gcc]
  remove lib [gcc_s]
  remove lib [gcc]
  remove lib [gcc_s]
  collapse library dir [/usr/lib/gcc/x86_64-redhat-linux/4.8.5] ==> [/usr/lib/gcc/x86_64-redhat-linux/4.8.5]
  collapse library dir [/usr/lib/gcc/x86_64-redhat-linux/4.8.5/../../../../lib64] ==> [/usr/lib64]
  collapse library dir [/lib/../lib64] ==> [/lib64]
  collapse library dir [/usr/lib/../lib64] ==> [/usr/lib64]
  collapse library dir [/usr/lib/gcc/x86_64-redhat-linux/4.8.5/../../..] ==> [/usr/lib]
  implicit libs: [c]
  implicit dirs: [/usr/lib/gcc/x86_64-redhat-linux/4.8.5;/usr/lib64;/lib64;/usr/lib]
  implicit fwks: []




Detecting C [-std=c11] compiler features compiled with the following output:
Change Dir: /media/psf/Home/Documents/workspace/AAPT/CMakeFiles/CMakeTmp

Run Build Command:"/usr/bin/gmake" "cmTC_55247/fast"
gmake: Warning: File `Makefile' has modification time 0.97 s in the future
/usr/bin/gmake -f CMakeFiles/cmTC_55247.dir/build.make CMakeFiles/cmTC_55247.dir/build
gmake[1]: 进入目录“/media/psf/Home/Documents/workspace/AAPT/CMakeFiles/CMakeTmp”
gmake[1]: Warning: File `CMakeFiles/cmTC_55247.dir/flags.make' has modification time 0.96 s in the future
Building C object CMakeFiles/cmTC_55247.dir/feature_tests.c.o
/usr/bin/cc    -std=c11 -o CMakeFiles/cmTC_55247.dir/feature_tests.c.o   -c /media/psf/Home/Documents/workspace/AAPT/CMakeFiles/feature_tests.c
Linking C executable cmTC_55247
/usr/local/bin/cmake -E cmake_link_script CMakeFiles/cmTC_55247.dir/link.txt --verbose=1
/usr/bin/cc       CMakeFiles/cmTC_55247.dir/feature_tests.c.o  -o cmTC_55247 
gmake[1]: 警告：检测到时钟错误。您的创建可能是不完整的。
gmake[1]: 离开目录“/media/psf/Home/Documents/workspace/AAPT/CMakeFiles/CMakeTmp”
gmake: 警告：检测到时钟错误。您的创建可能是不完整的。


    Feature record: C_FEATURE:1c_function_prototypes
    Feature record: C_FEATURE:1c_restrict
    Feature record: C_FEATURE:1c_static_assert
    Feature record: C_FEATURE:1c_variadic_macros


Detecting C [-std=c99] compiler features compiled with the following output:
Change Dir: /media/psf/Home/Documents/workspace/AAPT/CMakeFiles/CMakeTmp

Run Build Command:"/usr/bin/gmake" "cmTC_f50a4/fast"
gmake: Warning: File `Makefile' has modification time 0.97 s in the future
/usr/bin/gmake -f CMakeFiles/cmTC_f50a4.dir/build.make CMakeFiles/cmTC_f50a4.dir/build
gmake[1]: 进入目录“/media/psf/Home/Documents/workspace/AAPT/CMakeFiles/CMakeTmp”
gmake[1]: Warning: File `CMakeFiles/cmTC_f50a4.dir/flags.make' has modification time 0.96 s in the future
Building C object CMakeFiles/cmTC_f50a4.dir/feature_tests.c.o
/usr/bin/cc    -std=c99 -o CMakeFiles/cmTC_f50a4.dir/feature_tests.c.o   -c /media/psf/Home/Documents/workspace/AAPT/CMakeFiles/feature_tests.c
Linking C executable cmTC_f50a4
/usr/local/bin/cmake -E cmake_link_script CMakeFiles/cmTC_f50a4.dir/link.txt --verbose=1
/usr/bin/cc       CMakeFiles/cmTC_f50a4.dir/feature_tests.c.o  -o cmTC_f50a4 
gmake[1]: 警告：检测到时钟错误。您的创建可能是不完整的。
gmake[1]: 离开目录“/media/psf/Home/Documents/workspace/AAPT/CMakeFiles/CMakeTmp”
gmake: 警告：检测到时钟错误。您的创建可能是不完整的。


    Feature record: C_FEATURE:1c_function_prototypes
    Feature record: C_FEATURE:1c_restrict
    Feature record: C_FEATURE:0c_static_assert
    Feature record: C_FEATURE:1c_variadic_macros


Detecting C [-std=c90] compiler features compiled with the following output:
Change Dir: /media/psf/Home/Documents/workspace/AAPT/CMakeFiles/CMakeTmp

Run Build Command:"/usr/bin/gmake" "cmTC_0e58e/fast"
/usr/bin/gmake -f CMakeFiles/cmTC_0e58e.dir/build.make CMakeFiles/cmTC_0e58e.dir/build
gmake[1]: 进入目录“/media/psf/Home/Documents/workspace/AAPT/CMakeFiles/CMakeTmp”
Building C object CMakeFiles/cmTC_0e58e.dir/feature_tests.c.o
/usr/bin/cc    -std=c90 -o CMakeFiles/cmTC_0e58e.dir/feature_tests.c.o   -c /media/psf/Home/Documents/workspace/AAPT/CMakeFiles/feature_tests.c
Linking C executable cmTC_0e58e
/usr/local/bin/cmake -E cmake_link_script CMakeFiles/cmTC_0e58e.dir/link.txt --verbose=1
/usr/bin/cc       CMakeFiles/cmTC_0e58e.dir/feature_tests.c.o  -o cmTC_0e58e 
gmake[1]: 离开目录“/media/psf/Home/Documents/workspace/AAPT/CMakeFiles/CMakeTmp”


    Feature record: C_FEATURE:1c_function_prototypes
    Feature record: C_FEATURE:0c_restrict
    Feature record: C_FEATURE:0c_static_assert
    Feature record: C_FEATURE:0c_variadic_macros
